0 info it worked if it ends with ok
1 verbose cli [ 'C:\\Program Files\\nodejs\\\\node.exe',
1 verbose cli   'C:\\Program Files\\nodejs\\node_modules\\npm\\bin\\npm-cli.js',
1 verbose cli   'install',
1 verbose cli   'travis' ]
2 info using npm@1.2.18
3 info using node@v0.10.4
4 verbose node symlink C:\Program Files\nodejs\\node.exe
5 verbose read json C:\Users\Cury\Dropbox\Pessoal\Work\Projetos\NodeMessenger\package.json
6 verbose read json C:\Users\Cury\Dropbox\Pessoal\Work\Projetos\NodeMessenger\node_modules\azure\package.json
7 verbose read json C:\Users\Cury\Dropbox\Pessoal\Work\Projetos\NodeMessenger\node_modules\coffee-script\package.json
8 verbose read json C:\Users\Cury\Dropbox\Pessoal\Work\Projetos\NodeMessenger\node_modules\express\package.json
9 verbose read json C:\Users\Cury\Dropbox\Pessoal\Work\Projetos\NodeMessenger\node_modules\grunt\package.json
10 verbose read json C:\Users\Cury\Dropbox\Pessoal\Work\Projetos\NodeMessenger\node_modules\grunt-coffeelint\package.json
11 verbose read json C:\Users\Cury\Dropbox\Pessoal\Work\Projetos\NodeMessenger\node_modules\grunt-contrib-coffee\package.json
12 verbose read json C:\Users\Cury\Dropbox\Pessoal\Work\Projetos\NodeMessenger\node_modules\grunt-contrib-copy\package.json
13 verbose read json C:\Users\Cury\Dropbox\Pessoal\Work\Projetos\NodeMessenger\node_modules\grunt-express-server\package.json
14 verbose read json C:\Users\Cury\Dropbox\Pessoal\Work\Projetos\NodeMessenger\node_modules\jade\package.json
15 verbose read json C:\Users\Cury\Dropbox\Pessoal\Work\Projetos\NodeMessenger\node_modules\mongoose\package.json
16 verbose read json C:\Users\Cury\Dropbox\Pessoal\Work\Projetos\NodeMessenger\node_modules\msnodesql\package.json
17 verbose read json C:\Users\Cury\Dropbox\Pessoal\Work\Projetos\NodeMessenger\node_modules\redis\package.json
18 verbose read json C:\Users\Cury\Dropbox\Pessoal\Work\Projetos\NodeMessenger\node_modules\rest-client\package.json
19 verbose read json C:\Users\Cury\Dropbox\Pessoal\Work\Projetos\NodeMessenger\node_modules\socket.io\package.json
20 verbose read json C:\Users\Cury\Dropbox\Pessoal\Work\Projetos\NodeMessenger\node_modules\validator\package.json
21 verbose from cache C:\Users\Cury\Dropbox\Pessoal\Work\Projetos\NodeMessenger\package.json
22 verbose readDependencies using package.json deps
23 verbose cache add [ 'travis', null ]
24 verbose cache add name=undefined spec="travis" args=["travis",null]
25 verbose parsed url { protocol: null,
25 verbose parsed url   slashes: null,
25 verbose parsed url   auth: null,
25 verbose parsed url   host: null,
25 verbose parsed url   port: null,
25 verbose parsed url   hostname: null,
25 verbose parsed url   hash: null,
25 verbose parsed url   search: null,
25 verbose parsed url   query: null,
25 verbose parsed url   pathname: 'travis',
25 verbose parsed url   path: 'travis',
25 verbose parsed url   href: 'travis' }
26 silly lockFile e6cc0fb2-travis travis
27 verbose lock travis C:\Users\Cury\AppData\Roaming\npm-cache\e6cc0fb2-travis.lock
28 silly lockFile e6cc0fb2-travis travis
29 silly lockFile e6cc0fb2-travis travis
30 verbose addNamed [ 'travis', '' ]
31 verbose addNamed [ null, '' ]
32 silly lockFile ca03b7ec-travis travis@
33 verbose lock travis@ C:\Users\Cury\AppData\Roaming\npm-cache\ca03b7ec-travis.lock
34 silly addNameRange { name: 'travis', range: '', hasData: false }
35 verbose url raw travis
36 verbose url resolving [ 'https://registry.npmjs.org/', './travis' ]
37 verbose url resolved https://registry.npmjs.org/travis
38 info trying registry request attempt 1 at 18:46:47
39 http GET https://registry.npmjs.org/travis
40 http 404 https://registry.npmjs.org/travis
41 silly registry.get cb [ 404,
41 silly registry.get   { server: 'CouchDB/1.3.0 (Erlang OTP/R15B03)',
41 silly registry.get     date: 'Sun, 14 Jul 2013 21:46:42 GMT',
41 silly registry.get     'content-type': 'application/json',
41 silly registry.get     'content-length': '52',
41 silly registry.get     'cache-control': 'must-revalidate' } ]
42 silly lockFile ca03b7ec-travis travis@
43 silly lockFile ca03b7ec-travis travis@
44 error 404 'travis' is not in the npm registry.
44 error 404 You should bug the author to publish it
44 error 404
44 error 404 Note that you can also install from a
44 error 404 tarball, folder, or http url, or git url.
45 error System Windows_NT 6.2.9200
46 error command "C:\\Program Files\\nodejs\\\\node.exe" "C:\\Program Files\\nodejs\\node_modules\\npm\\bin\\npm-cli.js" "install" "travis"
47 error cwd C:\Users\Cury\Dropbox\Pessoal\Work\Projetos\NodeMessenger
48 error node -v v0.10.4
49 error npm -v 1.2.18
50 error code E404
51 verbose exit [ 1, true ]
